TN:
SF:/Users/zelenov/projects/my/react-hot-boilerplate/scripts/stores/SeriesStore.js
FN:17,resizeImage
FN:18,(anonymous_2)
FN:25,(anonymous_3)
FN:26,SeriesStore
FN:43,handleSeries
FN:51,getAllSeries
FN:56,parse
FN:57,(anonymous_8)
FNF:8
FNH:3
FNDA:0,resizeImage
FNDA:0,(anonymous_2)
FNDA:1,(anonymous_3)
FNDA:2,SeriesStore
FNDA:0,handleSeries
FNDA:1,getAllSeries
FNDA:0,parse
FNDA:0,(anonymous_8)
DA:0,2
DA:3,1
DA:4,0
DA:6,0
DA:12,0
DA:13,0
DA:22,1
DA:23,2
DA:26,2
DA:27,2
DA:29,2
DA:35,0
DA:36,0
DA:42,1
LF:14
LH:8
BRDA:19,1,0,0
BRDA:19,1,1,0
BRF:2
BRH:0
end_of_record
TN:
SF:/Users/zelenov/projects/my/react-hot-boilerplate/scripts/flux.js
FN:25,(anonymous_1)
FN:26,AppFlux
FNF:2
FNH:2
FNDA:1,(anonymous_1)
FNDA:1,AppFlux
DA:0,1
DA:7,1
DA:8,1
DA:10,1
DA:11,1
LF:5
LH:5
BRF:0
BRH:0
end_of_record
TN:
SF:/Users/zelenov/projects/my/react-hot-boilerplate/scripts/actions/SeriesActions.js
FN:17,(anonymous_1)
FN:18,SeriesActions
FN:30,getAllSeries
FN:32,getAllSeries$
FNF:4
FNH:3
FNDA:1,(anonymous_1)
FNDA:1,SeriesActions
FNDA:0,getAllSeries
FNDA:0,getAllSeries$
DA:0,1
DA:6,0
DA:7,0
DA:10,0
LF:4
LH:1
BRDA:21,1,0,1
BRDA:21,1,1,0
BRDA:33,2,0,0
BRDA:33,2,1,0
BRDA:33,2,2,0
BRDA:33,2,3,0
BRDA:33,2,4,0
BRDA:33,2,5,0
BRF:8
BRH:8
end_of_record
